<?xml version="1.0" encoding="UTF-8"?>
<testng-results skipped="0" failed="2" ignored="0" total="6" passed="4">
  <reporter-output>
    <line>
      <![CDATA[SetUp Completed]]>
    </line>
    <line>
      <![CDATA[SetUp Completed]]>
    </line>
    <line>
      <![CDATA[SetUp Completed]]>
    </line>
    <line>
      <![CDATA[SetUp Completed]]>
    </line>
    <line>
      <![CDATA[SetUp Completed]]>
    </line>
    <line>
      <![CDATA[SetUp Completed]]>
    </line>
  </reporter-output>
  <suite name="Surefire suite" duration-ms="10261" started-at="2022-02-07T09:17:55 IST" finished-at="2022-02-07T09:18:05 IST">
    <groups>
      <group name="post">
        <method signature="CreateBookingTest.ValidCreateBooking()[pri:2, instance:test.CreateBookingTest@76707e36]" name="ValidCreateBooking" class="test.CreateBookingTest"/>
        <method signature="GenerateTokenTest.Token()[pri:1, instance:test.GenerateTokenTest@1f554b06]" name="Token" class="test.GenerateTokenTest"/>
      </group> <!-- post -->
      <group name="get">
        <method signature="GetBookingTest.Getbooking()[pri:4, instance:test.GetBookingTest@694e1548]" name="Getbooking" class="test.GetBookingTest"/>
      </group> <!-- get -->
      <group name="delete">
        <method signature="DeleteBookingTest.InvalidDelete()[pri:6, instance:test.DeleteBookingTest@614ddd49]" name="InvalidDelete" class="test.DeleteBookingTest"/>
        <method signature="DeleteBookingTest.ValidDelete()[pri:5, instance:test.DeleteBookingTest@614ddd49]" name="ValidDelete" class="test.DeleteBookingTest"/>
      </group> <!-- delete -->
      <group name="put">
        <method signature="UpdateBookingTest.ValidUpdate()[pri:3, instance:test.UpdateBookingTest@1c3a4799]" name="ValidUpdate" class="test.UpdateBookingTest"/>
      </group> <!-- put -->
    </groups>
    <test name="Surefire test" duration-ms="10261" started-at="2022-02-07T09:17:55 IST" finished-at="2022-02-07T09:18:05 IST">
      <class name="test.CreateBookingTest">
        <test-method status="PASS" signature="setUp()[pri:0, instance:test.CreateBookingTest@76707e36]" name="setUp" is-config="true" duration-ms="282" started-at="2022-02-07T09:17:55 IST" finished-at="2022-02-07T09:17:55 IST">
          <reporter-output>
            <line>
              <![CDATA[SetUp Completed]]>
            </line>
          </reporter-output>
        </test-method> <!-- setUp -->
        <test-method status="PASS" signature="ValidCreateBooking()[pri:2, instance:test.CreateBookingTest@76707e36]" name="ValidCreateBooking" duration-ms="2845" started-at="2022-02-07T09:17:55 IST" finished-at="2022-02-07T09:17:58 IST">
          <reporter-output>
          </reporter-output>
        </test-method> <!-- ValidCreateBooking -->
        <test-method status="PASS" signature="tearDown()[pri:0, instance:test.CreateBookingTest@76707e36]" name="tearDown" is-config="true" duration-ms="2" started-at="2022-02-07T09:17:58 IST" finished-at="2022-02-07T09:17:58 IST">
          <reporter-output>
          </reporter-output>
        </test-method> <!-- tearDown -->
      </class> <!-- test.CreateBookingTest -->
      <class name="test.DeleteBookingTest">
        <test-method status="PASS" signature="setUp()[pri:0, instance:test.DeleteBookingTest@614ddd49]" name="setUp" is-config="true" duration-ms="2" started-at="2022-02-07T09:17:58 IST" finished-at="2022-02-07T09:17:58 IST">
          <reporter-output>
            <line>
              <![CDATA[SetUp Completed]]>
            </line>
          </reporter-output>
        </test-method> <!-- setUp -->
        <test-method status="FAIL" signature="ValidDelete()[pri:5, instance:test.DeleteBookingTest@614ddd49]" name="ValidDelete" duration-ms="1254" started-at="2022-02-07T09:17:58 IST" finished-at="2022-02-07T09:17:59 IST">
          <exception class="java.lang.AssertionError">
            <message>
              <![CDATA[1 expectation failed.
Expected status code <201> but was <403>.
]]>
            </message>
            <full-stacktrace>
              <![CDATA[java.lang.AssertionError: 1 expectation failed.
Expected status code <201> but was <403>.

at sun.reflect.NativeConstructorAccessorImpl.newInstance0(Native Method)
at sun.reflect.NativeConstructorAccessorImpl.newInstance(NativeConstructorAccessorImpl.java:62)
at sun.reflect.DelegatingConstructorAccessorImpl.newInstance(DelegatingConstructorAccessorImpl.java:45)
at java.lang.reflect.Constructor.newInstance(Constructor.java:423)
at org.codehaus.groovy.reflection.CachedConstructor.invoke(CachedConstructor.java:72)
at org.codehaus.groovy.reflection.CachedConstructor.doConstructorInvoke(CachedConstructor.java:59)
at org.codehaus.groovy.runtime.callsite.ConstructorSite$ConstructorSiteNoUnwrap.callConstructor(ConstructorSite.java:84)
at org.codehaus.groovy.runtime.callsite.CallSiteArray.defaultCallConstructor(CallSiteArray.java:59)
at org.codehaus.groovy.runtime.callsite.AbstractCallSite.callConstructor(AbstractCallSite.java:263)
at org.codehaus.groovy.runtime.callsite.AbstractCallSite.callConstructor(AbstractCallSite.java:277)
at io.restassured.internal.ResponseSpecificationImpl$HamcrestAssertionClosure.validate(ResponseSpecificationImpl.groovy:493)
at io.restassured.internal.ResponseSpecificationImpl$HamcrestAssertionClosure$validate$1.call(Unknown Source)
at io.restassured.internal.ResponseSpecificationImpl.validateResponseIfRequired(ResponseSpecificationImpl.groovy:674)
at sun.reflect.NativeMethodAccessorImpl.invoke0(Native Method)
at sun.reflect.NativeMethodAccessorImpl.invoke(NativeMethodAccessorImpl.java:62)
at sun.reflect.DelegatingMethodAccessorImpl.invoke(DelegatingMethodAccessorImpl.java:43)
at java.lang.reflect.Method.invoke(Method.java:498)
at org.codehaus.groovy.runtime.callsite.PlainObjectMetaMethodSite.doInvoke(PlainObjectMetaMethodSite.java:43)
at org.codehaus.groovy.runtime.callsite.PogoMetaMethodSite$PogoCachedMethodSiteNoUnwrapNoCoerce.invoke(PogoMetaMethodSite.java:193)
at org.codehaus.groovy.runtime.callsite.PogoMetaMethodSite.callCurrent(PogoMetaMethodSite.java:61)
at org.codehaus.groovy.runtime.callsite.AbstractCallSite.callCurrent(AbstractCallSite.java:185)
at io.restassured.internal.ResponseSpecificationImpl.statusCode(ResponseSpecificationImpl.groovy:126)
at io.restassured.specification.ResponseSpecification$statusCode$0.callCurrent(Unknown Source)
at io.restassured.internal.ResponseSpecificationImpl.statusCode(ResponseSpecificationImpl.groovy:134)
at io.restassured.internal.ValidatableResponseOptionsImpl.statusCode(ValidatableResponseOptionsImpl.java:89)
at io.restassured.internal.ValidatableResponseImpl.super$2$statusCode(ValidatableResponseImpl.groovy)
at sun.reflect.NativeMethodAccessorImpl.invoke0(Native Method)
at sun.reflect.NativeMethodAccessorImpl.invoke(NativeMethodAccessorImpl.java:62)
at sun.reflect.DelegatingMethodAccessorImpl.invoke(DelegatingMethodAccessorImpl.java:43)
at java.lang.reflect.Method.invoke(Method.java:498)
at org.codehaus.groovy.reflection.CachedMethod.invoke(CachedMethod.java:107)
at groovy.lang.MetaMethod.doMethodInvoke(MetaMethod.java:323)
at groovy.lang.MetaClassImpl.invokeMethod(MetaClassImpl.java:1268)
at org.codehaus.groovy.runtime.ScriptBytecodeAdapter.invokeMethodOnSuperN(ScriptBytecodeAdapter.java:144)
at io.restassured.internal.ValidatableResponseImpl.statusCode(ValidatableResponseImpl.groovy:142)
at io.restassured.internal.ValidatableResponseImpl.statusCode(ValidatableResponseImpl.groovy)
at test.DeleteBookingTest.ValidDelete(DeleteBookingTest.java:20)
at sun.reflect.NativeMethodAccessorImpl.invoke0(Native Method)
at sun.reflect.NativeMethodAccessorImpl.invoke(NativeMethodAccessorImpl.java:62)
at sun.reflect.DelegatingMethodAccessorImpl.invoke(DelegatingMethodAccessorImpl.java:43)
at java.lang.reflect.Method.invoke(Method.java:498)
at org.testng.internal.MethodInvocationHelper.invokeMethod(MethodInvocationHelper.java:132)
at org.testng.internal.TestInvoker.invokeMethod(TestInvoker.java:599)
at org.testng.internal.TestInvoker.invokeTestMethod(TestInvoker.java:174)
at org.testng.internal.MethodRunner.runInSequence(MethodRunner.java:46)
at org.testng.internal.TestInvoker$MethodInvocationAgent.invoke(TestInvoker.java:822)
at org.testng.internal.TestInvoker.invokeTestMethods(TestInvoker.java:147)
at org.testng.internal.TestMethodWorker.invokeTestMethods(TestMethodWorker.java:146)
at org.testng.internal.TestMethodWorker.run(TestMethodWorker.java:128)
at java.util.ArrayList.forEach(ArrayList.java:1259)
at org.testng.TestRunner.privateRun(TestRunner.java:764)
at org.testng.TestRunner.run(TestRunner.java:585)
at org.testng.SuiteRunner.runTest(SuiteRunner.java:384)
at org.testng.SuiteRunner.runSequentially(SuiteRunner.java:378)
at org.testng.SuiteRunner.privateRun(SuiteRunner.java:337)
at org.testng.SuiteRunner.run(SuiteRunner.java:286)
at org.testng.SuiteRunnerWorker.runSuite(SuiteRunnerWorker.java:53)
at org.testng.SuiteRunnerWorker.run(SuiteRunnerWorker.java:96)
at org.testng.TestNG.runSuitesSequentially(TestNG.java:1218)
at org.testng.TestNG.runSuitesLocally(TestNG.java:1140)
at org.testng.TestNG.runSuites(TestNG.java:1069)
at org.testng.TestNG.run(TestNG.java:1037)
at org.apache.maven.surefire.testng.TestNGExecutor.run(TestNGExecutor.java:135)
at org.apache.maven.surefire.testng.TestNGDirectoryTestSuite.executeMulti(TestNGDirectoryTestSuite.java:193)
at org.apache.maven.surefire.testng.TestNGDirectoryTestSuite.execute(TestNGDirectoryTestSuite.java:94)
at org.apache.maven.surefire.testng.TestNGProvider.invoke(TestNGProvider.java:146)
at org.apache.maven.surefire.booter.ForkedBooter.invokeProviderInSameClassLoader(ForkedBooter.java:384)
at org.apache.maven.surefire.booter.ForkedBooter.runSuitesInProcess(ForkedBooter.java:345)
at org.apache.maven.surefire.booter.ForkedBooter.execute(ForkedBooter.java:126)
at org.apache.maven.surefire.booter.ForkedBooter.main(ForkedBooter.java:418)
]]>
            </full-stacktrace>
          </exception> <!-- java.lang.AssertionError -->
          <reporter-output>
          </reporter-output>
        </test-method> <!-- ValidDelete -->
        <test-method status="PASS" signature="tearDown()[pri:0, instance:test.DeleteBookingTest@614ddd49]" name="tearDown" is-config="true" duration-ms="1" started-at="2022-02-07T09:17:59 IST" finished-at="2022-02-07T09:17:59 IST">
          <reporter-output>
          </reporter-output>
        </test-method> <!-- tearDown -->
        <test-method status="PASS" signature="setUp()[pri:0, instance:test.DeleteBookingTest@614ddd49]" name="setUp" is-config="true" duration-ms="2" started-at="2022-02-07T09:17:59 IST" finished-at="2022-02-07T09:17:59 IST">
          <reporter-output>
            <line>
              <![CDATA[SetUp Completed]]>
            </line>
          </reporter-output>
        </test-method> <!-- setUp -->
        <test-method status="FAIL" signature="InvalidDelete()[pri:6, instance:test.DeleteBookingTest@614ddd49]" name="InvalidDelete" duration-ms="1429" started-at="2022-02-07T09:17:59 IST" finished-at="2022-02-07T09:18:01 IST">
          <exception class="java.lang.AssertionError">
            <message>
              <![CDATA[1 expectation failed.
Expected status code <405> but was <403>.
]]>
            </message>
            <full-stacktrace>
              <![CDATA[java.lang.AssertionError: 1 expectation failed.
Expected status code <405> but was <403>.

at sun.reflect.NativeConstructorAccessorImpl.newInstance0(Native Method)
at sun.reflect.NativeConstructorAccessorImpl.newInstance(NativeConstructorAccessorImpl.java:62)
at sun.reflect.DelegatingConstructorAccessorImpl.newInstance(DelegatingConstructorAccessorImpl.java:45)
at java.lang.reflect.Constructor.newInstance(Constructor.java:423)
at org.codehaus.groovy.reflection.CachedConstructor.invoke(CachedConstructor.java:72)
at org.codehaus.groovy.reflection.CachedConstructor.doConstructorInvoke(CachedConstructor.java:59)
at org.codehaus.groovy.runtime.callsite.ConstructorSite$ConstructorSiteNoUnwrap.callConstructor(ConstructorSite.java:84)
at org.codehaus.groovy.runtime.callsite.AbstractCallSite.callConstructor(AbstractCallSite.java:277)
at io.restassured.internal.ResponseSpecificationImpl$HamcrestAssertionClosure.validate(ResponseSpecificationImpl.groovy:493)
at io.restassured.internal.ResponseSpecificationImpl$HamcrestAssertionClosure$validate$1.call(Unknown Source)
at io.restassured.internal.ResponseSpecificationImpl.validateResponseIfRequired(ResponseSpecificationImpl.groovy:674)
at sun.reflect.NativeMethodAccessorImpl.invoke0(Native Method)
at sun.reflect.NativeMethodAccessorImpl.invoke(NativeMethodAccessorImpl.java:62)
at sun.reflect.DelegatingMethodAccessorImpl.invoke(DelegatingMethodAccessorImpl.java:43)
at java.lang.reflect.Method.invoke(Method.java:498)
at org.codehaus.groovy.runtime.callsite.PlainObjectMetaMethodSite.doInvoke(PlainObjectMetaMethodSite.java:43)
at org.codehaus.groovy.runtime.callsite.PogoMetaMethodSite$PogoCachedMethodSiteNoUnwrapNoCoerce.invoke(PogoMetaMethodSite.java:193)
at org.codehaus.groovy.runtime.callsite.PogoMetaMethodSite.callCurrent(PogoMetaMethodSite.java:61)
at org.codehaus.groovy.runtime.callsite.AbstractCallSite.callCurrent(AbstractCallSite.java:185)
at io.restassured.internal.ResponseSpecificationImpl.statusCode(ResponseSpecificationImpl.groovy:126)
at io.restassured.specification.ResponseSpecification$statusCode$0.callCurrent(Unknown Source)
at io.restassured.internal.ResponseSpecificationImpl.statusCode(ResponseSpecificationImpl.groovy:134)
at io.restassured.internal.ValidatableResponseOptionsImpl.statusCode(ValidatableResponseOptionsImpl.java:89)
at io.restassured.internal.ValidatableResponseImpl.super$2$statusCode(ValidatableResponseImpl.groovy)
at sun.reflect.NativeMethodAccessorImpl.invoke0(Native Method)
at sun.reflect.NativeMethodAccessorImpl.invoke(NativeMethodAccessorImpl.java:62)
at sun.reflect.DelegatingMethodAccessorImpl.invoke(DelegatingMethodAccessorImpl.java:43)
at java.lang.reflect.Method.invoke(Method.java:498)
at org.codehaus.groovy.reflection.CachedMethod.invoke(CachedMethod.java:107)
at groovy.lang.MetaMethod.doMethodInvoke(MetaMethod.java:323)
at groovy.lang.MetaClassImpl.invokeMethod(MetaClassImpl.java:1268)
at org.codehaus.groovy.runtime.ScriptBytecodeAdapter.invokeMethodOnSuperN(ScriptBytecodeAdapter.java:144)
at io.restassured.internal.ValidatableResponseImpl.statusCode(ValidatableResponseImpl.groovy:142)
at io.restassured.internal.ValidatableResponseImpl.statusCode(ValidatableResponseImpl.groovy)
at test.DeleteBookingTest.InvalidDelete(DeleteBookingTest.java:34)
at sun.reflect.NativeMethodAccessorImpl.invoke0(Native Method)
at sun.reflect.NativeMethodAccessorImpl.invoke(NativeMethodAccessorImpl.java:62)
at sun.reflect.DelegatingMethodAccessorImpl.invoke(DelegatingMethodAccessorImpl.java:43)
at java.lang.reflect.Method.invoke(Method.java:498)
at org.testng.internal.MethodInvocationHelper.invokeMethod(MethodInvocationHelper.java:132)
at org.testng.internal.TestInvoker.invokeMethod(TestInvoker.java:599)
at org.testng.internal.TestInvoker.invokeTestMethod(TestInvoker.java:174)
at org.testng.internal.MethodRunner.runInSequence(MethodRunner.java:46)
at org.testng.internal.TestInvoker$MethodInvocationAgent.invoke(TestInvoker.java:822)
at org.testng.internal.TestInvoker.invokeTestMethods(TestInvoker.java:147)
at org.testng.internal.TestMethodWorker.invokeTestMethods(TestMethodWorker.java:146)
at org.testng.internal.TestMethodWorker.run(TestMethodWorker.java:128)
at java.util.ArrayList.forEach(ArrayList.java:1259)
at org.testng.TestRunner.privateRun(TestRunner.java:764)
at org.testng.TestRunner.run(TestRunner.java:585)
at org.testng.SuiteRunner.runTest(SuiteRunner.java:384)
at org.testng.SuiteRunner.runSequentially(SuiteRunner.java:378)
at org.testng.SuiteRunner.privateRun(SuiteRunner.java:337)
at org.testng.SuiteRunner.run(SuiteRunner.java:286)
at org.testng.SuiteRunnerWorker.runSuite(SuiteRunnerWorker.java:53)
at org.testng.SuiteRunnerWorker.run(SuiteRunnerWorker.java:96)
at org.testng.TestNG.runSuitesSequentially(TestNG.java:1218)
at org.testng.TestNG.runSuitesLocally(TestNG.java:1140)
at org.testng.TestNG.runSuites(TestNG.java:1069)
at org.testng.TestNG.run(TestNG.java:1037)
at org.apache.maven.surefire.testng.TestNGExecutor.run(TestNGExecutor.java:135)
at org.apache.maven.surefire.testng.TestNGDirectoryTestSuite.executeMulti(TestNGDirectoryTestSuite.java:193)
at org.apache.maven.surefire.testng.TestNGDirectoryTestSuite.execute(TestNGDirectoryTestSuite.java:94)
at org.apache.maven.surefire.testng.TestNGProvider.invoke(TestNGProvider.java:146)
at org.apache.maven.surefire.booter.ForkedBooter.invokeProviderInSameClassLoader(ForkedBooter.java:384)
at org.apache.maven.surefire.booter.ForkedBooter.runSuitesInProcess(ForkedBooter.java:345)
at org.apache.maven.surefire.booter.ForkedBooter.execute(ForkedBooter.java:126)
at org.apache.maven.surefire.booter.ForkedBooter.main(ForkedBooter.java:418)
]]>
            </full-stacktrace>
          </exception> <!-- java.lang.AssertionError -->
          <reporter-output>
          </reporter-output>
        </test-method> <!-- InvalidDelete -->
        <test-method status="PASS" signature="tearDown()[pri:0, instance:test.DeleteBookingTest@614ddd49]" name="tearDown" is-config="true" duration-ms="1" started-at="2022-02-07T09:18:01 IST" finished-at="2022-02-07T09:18:01 IST">
          <reporter-output>
          </reporter-output>
        </test-method> <!-- tearDown -->
      </class> <!-- test.DeleteBookingTest -->
      <class name="test.GetBookingTest">
        <test-method status="PASS" signature="setUp()[pri:0, instance:test.GetBookingTest@694e1548]" name="setUp" is-config="true" duration-ms="2" started-at="2022-02-07T09:18:03 IST" finished-at="2022-02-07T09:18:03 IST">
          <reporter-output>
            <line>
              <![CDATA[SetUp Completed]]>
            </line>
          </reporter-output>
        </test-method> <!-- setUp -->
        <test-method status="PASS" signature="Getbooking()[pri:4, instance:test.GetBookingTest@694e1548]" name="Getbooking" duration-ms="1264" started-at="2022-02-07T09:18:03 IST" finished-at="2022-02-07T09:18:04 IST">
          <reporter-output>
          </reporter-output>
        </test-method> <!-- Getbooking -->
        <test-method status="PASS" signature="tearDown()[pri:0, instance:test.GetBookingTest@694e1548]" name="tearDown" is-config="true" duration-ms="1" started-at="2022-02-07T09:18:04 IST" finished-at="2022-02-07T09:18:04 IST">
          <reporter-output>
          </reporter-output>
        </test-method> <!-- tearDown -->
      </class> <!-- test.GetBookingTest -->
      <class name="test.UpdateBookingTest">
        <test-method status="PASS" signature="setUp()[pri:0, instance:test.UpdateBookingTest@1c3a4799]" name="setUp" is-config="true" duration-ms="1" started-at="2022-02-07T09:18:04 IST" finished-at="2022-02-07T09:18:04 IST">
          <reporter-output>
            <line>
              <![CDATA[SetUp Completed]]>
            </line>
          </reporter-output>
        </test-method> <!-- setUp -->
        <test-method status="PASS" signature="ValidUpdate()[pri:3, instance:test.UpdateBookingTest@1c3a4799]" name="ValidUpdate" duration-ms="1336" started-at="2022-02-07T09:18:04 IST" finished-at="2022-02-07T09:18:05 IST">
          <reporter-output>
          </reporter-output>
        </test-method> <!-- ValidUpdate -->
        <test-method status="PASS" signature="tearDown()[pri:0, instance:test.UpdateBookingTest@1c3a4799]" name="tearDown" is-config="true" duration-ms="0" started-at="2022-02-07T09:18:05 IST" finished-at="2022-02-07T09:18:05 IST">
          <reporter-output>
          </reporter-output>
        </test-method> <!-- tearDown -->
      </class> <!-- test.UpdateBookingTest -->
      <class name="test.GenerateTokenTest">
        <test-method status="PASS" signature="setUp()[pri:0, instance:test.GenerateTokenTest@1f554b06]" name="setUp" is-config="true" duration-ms="1" started-at="2022-02-07T09:18:01 IST" finished-at="2022-02-07T09:18:01 IST">
          <reporter-output>
            <line>
              <![CDATA[SetUp Completed]]>
            </line>
          </reporter-output>
        </test-method> <!-- setUp -->
        <test-method status="PASS" signature="Token()[pri:1, instance:test.GenerateTokenTest@1f554b06]" name="Token" duration-ms="1801" started-at="2022-02-07T09:18:01 IST" finished-at="2022-02-07T09:18:03 IST">
          <reporter-output>
          </reporter-output>
        </test-method> <!-- Token -->
        <test-method status="PASS" signature="tearDown()[pri:0, instance:test.GenerateTokenTest@1f554b06]" name="tearDown" is-config="true" duration-ms="2" started-at="2022-02-07T09:18:03 IST" finished-at="2022-02-07T09:18:03 IST">
          <reporter-output>
          </reporter-output>
        </test-method> <!-- tearDown -->
      </class> <!-- test.GenerateTokenTest -->
    </test> <!-- Surefire test -->
  </suite> <!-- Surefire suite -->
</testng-results>
